<?xml version="1.0" encoding="UTF-8"?>
<!-- Generated by org.testng.reporters.JUnitXMLReporter -->
<testsuite ignored="0" hostname="DESKTOP-FTUJBGL" failures="1" tests="6" name="Surefire test" time="56.551" errors="0" timestamp="2022-10-15T23:51:58 IST">
  <testcase classname="Sambit.Tests.ErrorValidationTest" name="LoginErrorValidation" time="0.352">
    <skipped/>
  </testcase> <!-- LoginErrorValidation -->
  <testcase classname="Sambit.Tests.ErrorValidationTest" name="LoginErrorValidation" time="0.332">
    <failure type="java.lang.AssertionError" message="expected [Incorrect email or password.] but found [Incorrect email  password.]">
      <![CDATA[java.lang.AssertionError: expected [Incorrect email or password.] but found [Incorrect email  password.]
at Sambit.Tests.ErrorValidationTest.LoginErrorValidation(ErrorValidationTest.java:23)
at java.base/java.util.ArrayList.forEach(ArrayList.java:1511)
... Removed 38 stack frames]]>
    </failure>
  </testcase> <!-- LoginErrorValidation -->
  <testcase classname="Sambit.Tests.ErrorValidationTest" name="ProductErrorValidation" time="2.495"/>
  <testcase classname="Sambit.Tests.SubmitOrderTest" name="SubmitOrderTest" time="3.764"/>
  <testcase classname="Sambit.Tests.SubmitOrderTest" name="SubmitOrderTest" time="3.789"/>
  <testcase classname="Sambit.Tests.SubmitOrderTest" name="OrderHistoryTest" time="0.547"/>
</testsuite> <!-- Surefire test -->
