<?xml version="1.0" encoding="UTF-8"?>
<!-- Generated by org.testng.reporters.JUnitXMLReporter -->
<testsuite ignored="0" hostname="DESKTOP-FTUJBGL" failures="1" tests="3" name="Error Validation Test" time="21.165" errors="0" timestamp="2022-11-03T08:24:18 IST">
  <testcase classname="Sambit.Tests.ErrorValidationTest" name="LoginErrorValidation" time="0.414">
    <skipped/>
  </testcase> <!-- LoginErrorValidation -->
  <testcase classname="Sambit.Tests.ErrorValidationTest" name="LoginErrorValidation" time="0.481">
    <failure type="java.lang.AssertionError" message="expected [Incorrect email or password.] but found [Incorrect email  password.]">
      <![CDATA[java.lang.AssertionError: expected [Incorrect email or password.] but found [Incorrect email  password.]
at Sambit.Tests.ErrorValidationTest.LoginErrorValidation(ErrorValidationTest.java:23)
at java.base/java.util.ArrayList.forEach(ArrayList.java:1511)
at java.base/java.util.concurrent.FutureTask.run(FutureTask.java:264)
at java.base/java.util.concurrent.ThreadPoolExecutor.runWorker(ThreadPoolExecutor.java:1136)
at java.base/java.util.concurrent.ThreadPoolExecutor$Worker.run(ThreadPoolExecutor.java:635)
at java.base/java.lang.Thread.run(Thread.java:833)
... Removed 21 stack frames]]>
    </failure>
  </testcase> <!-- LoginErrorValidation -->
  <testcase classname="Sambit.Tests.ErrorValidationTest" name="ProductErrorValidation" time="2.416"/>
</testsuite> <!-- Error Validation Test -->
